{"/home/travis/build/tcbeutler/TravisCITest/apps/api1/models/patient.js":{"path":"/home/travis/build/tcbeutler/TravisCITest/apps/api1/models/patient.js","s":{"1":1,"2":1},"b":{},"f":{},"fnMap":{},"statementMap":{"1":{"start":{"line":1,"column":0},"end":{"line":10,"column":2}},"2":{"start":{"line":12,"column":0},"end":{"line":12,"column":25}}},"branchMap":{}},"/home/travis/build/tcbeutler/TravisCITest/apps/api1/index.js":{"path":"/home/travis/build/tcbeutler/TravisCITest/apps/api1/index.js","s":{"1":1,"2":1},"b":{},"f":{},"fnMap":{},"statementMap":{"1":{"start":{"line":1,"column":0},"end":{"line":1,"column":33}},"2":{"start":{"line":3,"column":0},"end":{"line":3,"column":15}}},"branchMap":{}},"/home/travis/build/tcbeutler/TravisCITest/apps/api1/server.js":{"path":"/home/travis/build/tcbeutler/TravisCITest/apps/api1/server.js","s":{"1":1,"2":1,"3":1,"4":1,"5":1,"6":1,"7":1,"8":1,"9":1,"10":1,"11":1},"b":{"1":[1,1]},"f":{"1":1},"fnMap":{"1":{"name":"start","line":10,"loc":{"start":{"line":10,"column":0},"end":{"line":10,"column":17}}}},"statementMap":{"1":{"start":{"line":1,"column":0},"end":{"line":1,"column":33}},"2":{"start":{"line":2,"column":0},"end":{"line":2,"column":20}},"3":{"start":{"line":3,"column":0},"end":{"line":3,"column":58}},"4":{"start":{"line":4,"column":0},"end":{"line":4,"column":33}},"5":{"start":{"line":6,"column":0},"end":{"line":8,"column":2}},"6":{"start":{"line":10,"column":0},"end":{"line":15,"column":1}},"7":{"start":{"line":11,"column":4},"end":{"line":11,"column":32}},"8":{"start":{"line":12,"column":4},"end":{"line":12,"column":40}},"9":{"start":{"line":13,"column":4},"end":{"line":13,"column":21}},"10":{"start":{"line":14,"column":4},"end":{"line":14,"column":54}},"11":{"start":{"line":17,"column":0},"end":{"line":17,"column":22}}},"branchMap":{"1":{"line":12,"type":"binary-expr","locations":[{"start":{"line":12,"column":15},"end":{"line":12,"column":31}},{"start":{"line":12,"column":35},"end":{"line":12,"column":39}}]}}},"/home/travis/build/tcbeutler/TravisCITest/apps/api1/handlers/patientHandler.js":{"path":"/home/travis/build/tcbeutler/TravisCITest/apps/api1/handlers/patientHandler.js","s":{"1":1,"2":1,"3":1,"4":1,"5":0,"6":0,"7":0,"8":0,"9":0,"10":1},"b":{},"f":{"1":1,"2":0},"fnMap":{"1":{"name":"(anonymous_1)","line":3,"loc":{"start":{"line":3,"column":21},"end":{"line":3,"column":32}}},"2":{"name":"handleGetPatientRequest","line":7,"loc":{"start":{"line":7,"column":0},"end":{"line":7,"column":43}}}},"statementMap":{"1":{"start":{"line":1,"column":0},"end":{"line":1,"column":43}},"2":{"start":{"line":3,"column":0},"end":{"line":5,"column":2}},"3":{"start":{"line":4,"column":4},"end":{"line":4,"column":46}},"4":{"start":{"line":7,"column":0},"end":{"line":15,"column":1}},"5":{"start":{"line":8,"column":4},"end":{"line":8,"column":47}},"6":{"start":{"line":10,"column":4},"end":{"line":10,"column":27}},"7":{"start":{"line":11,"column":4},"end":{"line":11,"column":38}},"8":{"start":{"line":12,"column":4},"end":{"line":12,"column":65}},"9":{"start":{"line":14,"column":4},"end":{"line":14,"column":27}},"10":{"start":{"line":17,"column":0},"end":{"line":17,"column":32}}},"branchMap":{}},"/home/travis/build/tcbeutler/TravisCITest/apps/api1/routes.js":{"path":"/home/travis/build/tcbeutler/TravisCITest/apps/api1/routes.js","s":{"1":1,"2":1,"3":1},"b":{},"f":{"1":1},"fnMap":{"1":{"name":"setup","line":1,"loc":{"start":{"line":1,"column":-15},"end":{"line":1,"column":30}}}},"statementMap":{"1":{"start":{"line":1,"column":-15},"end":{"line":3,"column":1}},"2":{"start":{"line":2,"column":4},"end":{"line":2,"column":69}},"3":{"start":{"line":5,"column":0},"end":{"line":5,"column":22}}},"branchMap":{}}}