TN:
SF:/home/travis/build/tcbeutler/TravisCITest/apps/api1/models/patient.js
FNF:0
FNH:0
DA:1,1
DA:12,1
LF:2
LH:2
BRF:0
BRH:0
end_of_record
TN:
SF:/home/travis/build/tcbeutler/TravisCITest/apps/api1/index.js
FNF:0
FNH:0
DA:1,1
DA:3,1
LF:2
LH:2
BRF:0
BRH:0
end_of_record
TN:
SF:/home/travis/build/tcbeutler/TravisCITest/apps/api1/server.js
FN:10,start
FNF:1
FNH:1
FNDA:1,start
DA:1,1
DA:2,1
DA:3,1
DA:4,1
DA:6,1
DA:10,1
DA:11,1
DA:12,1
DA:13,1
DA:14,1
DA:17,1
LF:11
LH:11
BRDA:12,1,0,1
BRDA:12,1,1,1
BRF:2
BRH:2
end_of_record
TN:
SF:/home/travis/build/tcbeutler/TravisCITest/apps/api1/handlers/patientHandler.js
FN:3,(anonymous_1)
FN:7,handleGetPatientRequest
FNF:2
FNH:1
FNDA:1,(anonymous_1)
FNDA:0,handleGetPatientRequest
DA:1,1
DA:3,1
DA:4,1
DA:7,1
DA:8,0
DA:10,0
DA:11,0
DA:12,0
DA:14,0
DA:17,1
LF:10
LH:5
BRF:0
BRH:0
end_of_record
TN:
SF:/home/travis/build/tcbeutler/TravisCITest/apps/api1/routes.js
FN:1,setup
FNF:1
FNH:1
FNDA:1,setup
DA:1,1
DA:2,1
DA:5,1
LF:3
LH:3
BRF:0
BRH:0
end_of_record
